[INFO] Scanning for projects...
[INFO] 
[INFO] --------------------------< com.example:demo >--------------------------
[INFO] Building  0.0.1-SNAPSHOT
[INFO]   from pom.xml
[INFO] --------------------------------[ jar ]---------------------------------
[INFO] 
[INFO] >>> spring-boot:4.0.6:run (default-cli) > test-compile @ demo >>>
[INFO] 
[INFO] --- resources:3.3.1:resources (default-resources) @ demo ---
[INFO] Copying 1 resource from src/main/resources to target/classes
[INFO] Copying 1 resource from src/main/resources to target/classes
[INFO] 
[INFO] --- compiler:3.11.0:compile (default-compile) @ demo ---
[INFO] Changes detected - recompiling the module! :source
[INFO] Compiling 39 source files with javac [debug release 17] to target/classes
[INFO] /home/vansh-desai/Desktop/Final_Proj/backend/src/main/java/com/example/demo/config/SecurityConfig.java: /home/vansh-desai/Desktop/Final_Proj/backend/src/main/java/com/example/demo/config/SecurityConfig.java uses or overrides a deprecated API.
[INFO] /home/vansh-desai/Desktop/Final_Proj/backend/src/main/java/com/example/demo/config/SecurityConfig.java: Recompile with -Xlint:deprecation for details.
[INFO] 
[INFO] --- resources:3.3.1:testResources (default-testResources) @ demo ---
[INFO] skip non existing resourceDirectory /home/vansh-desai/Desktop/Final_Proj/backend/src/test/resources
[INFO] 
[INFO] --- compiler:3.11.0:testCompile (default-testCompile) @ demo ---
[INFO] Changes detected - recompiling the module! :dependency
[INFO] 
[INFO] <<< spring-boot:4.0.6:run (default-cli) < test-compile @ demo <<<
[INFO] 
[INFO] 
[INFO] --- spring-boot:4.0.6:run (default-cli) @ demo ---
[INFO] Attaching agents: []

  .   ____          _            __ _ _
 /\\ / ___'_ __ _ _(_)_ __  __ _ \ \ \ \
( ( )\___ | '_ | '_| | '_ \/ _` | \ \ \ \
 \\/  ___)| |_)| | | | | || (_| |  ) ) ) )
  '  |____| .__|_| |_|_| |_\__, | / / / /
 =========|_|==============|___/=/_/_/_/

 :: Spring Boot ::                (v4.0.6)

2026-06-09T10:13:17.283+05:30  INFO 2665726 --- [demo] [           main] com.example.demo.DemoApplication         : Starting DemoApplication using Java 23.0.1 with PID 2665726 (/home/vansh-desai/Desktop/Final_Proj/backend/target/classes started by vansh-desai in /home/vansh-desai/Desktop/Final_Proj/backend)
2026-06-09T10:13:17.284+05:30  INFO 2665726 --- [demo] [           main] com.example.demo.DemoApplication         : No active profile set, falling back to 1 default profile: "default"
2026-06-09T10:13:17.631+05:30  INFO 2665726 --- [demo] [           main] .s.d.r.c.RepositoryConfigurationDelegate : Bootstrapping Spring Data JPA repositories in DEFAULT mode.
2026-06-09T10:13:17.660+05:30  INFO 2665726 --- [demo] [           main] .s.d.r.c.RepositoryConfigurationDelegate : Finished Spring Data repository scanning in 24 ms. Found 5 JPA repository interfaces.
2026-06-09T10:13:17.949+05:30  INFO 2665726 --- [demo] [           main] o.s.boot.tomcat.TomcatWebServer          : Tomcat initialized with port 8080 (http)
2026-06-09T10:13:17.961+05:30  INFO 2665726 --- [demo] [           main] o.apache.catalina.core.StandardService   : Starting service [Tomcat]
2026-06-09T10:13:17.961+05:30  INFO 2665726 --- [demo] [           main] o.apache.catalina.core.StandardEngine    : Starting Servlet engine: [Apache Tomcat/11.0.21]
2026-06-09T10:13:18.007+05:30  INFO 2665726 --- [demo] [           main] b.w.c.s.WebApplicationContextInitializer : Root WebApplicationContext: initialization completed in 695 ms
2026-06-09T10:13:18.060+05:30  INFO 2665726 --- [demo] [           main] com.zaxxer.hikari.HikariDataSource       : HikariPool-1 - Starting...
2026-06-09T10:13:18.304+05:30  INFO 2665726 --- [demo] [           main] com.zaxxer.hikari.pool.HikariPool        : HikariPool-1 - Added connection com.mysql.cj.jdbc.ConnectionImpl@497ed877
2026-06-09T10:13:18.304+05:30  INFO 2665726 --- [demo] [           main] com.zaxxer.hikari.HikariDataSource       : HikariPool-1 - Start completed.
2026-06-09T10:13:18.355+05:30  INFO 2665726 --- [demo] [           main] org.hibernate.orm.jpa                    : HHH008540: Processing PersistenceUnitInfo [name: default]
2026-06-09T10:13:18.383+05:30  INFO 2665726 --- [demo] [           main] org.hibernate.orm.core                   : HHH000001: Hibernate ORM core version 7.2.12.Final
2026-06-09T10:13:18.610+05:30  INFO 2665726 --- [demo] [           main] o.s.o.j.p.SpringPersistenceUnitInfo      : No LoadTimeWeaver setup: ignoring JPA class transformer
2026-06-09T10:13:18.664+05:30  INFO 2665726 --- [demo] [           main] org.hibernate.orm.connections.pooling    : HHH10001005: Database info:
	Database JDBC URL [jdbc:mysql://localhost:3306/campus_fests?serverTimezone=UTC]
	Database driver: MySQL Connector/J
	Database dialect: MySQLDialect
	Database version: 8.0.46
	Default catalog/schema: campus_fests/undefined
	Autocommit mode: undefined/unknown
	Isolation level: REPEATABLE_READ [default REPEATABLE_READ]
	JDBC fetch size: none
	Pool: DataSourceConnectionProvider
	Minimum pool size: undefined/unknown
	Maximum pool size: undefined/unknown
2026-06-09T10:13:19.251+05:30  INFO 2665726 --- [demo] [           main] org.hibernate.orm.core                   : HHH000489: No JTA platform available (set 'hibernate.transaction.jta.platform' to enable JTA platform integration)
2026-06-09T10:13:19.291+05:30  INFO 2665726 --- [demo] [           main] j.LocalContainerEntityManagerFactoryBean : Initialized JPA EntityManagerFactory for persistence unit 'default'
2026-06-09T10:13:19.333+05:30  INFO 2665726 --- [demo] [           main] o.s.d.j.r.query.QueryEnhancerFactories   : Hibernate is in classpath; If applicable, HQL parser will be used.
2026-06-09T10:13:19.796+05:30  WARN 2665726 --- [demo] [           main] JpaBaseConfiguration$JpaWebConfiguration : spring.jpa.open-in-view is enabled by default. Therefore, database queries may be performed during view rendering. Explicitly configure spring.jpa.open-in-view to disable this warning
2026-06-09T10:13:19.851+05:30  WARN 2665726 --- [demo] [           main] .s.a.UserDetailsServiceAutoConfiguration : 

Using generated security password: 2ffa7ed7-df06-4c96-9585-d8cf537e8c99

This generated password is for development use only. Your security configuration must be updated before running your application in production.

2026-06-09T10:13:19.855+05:30  INFO 2665726 --- [demo] [           main] r$InitializeUserDetailsManagerConfigurer : Global AuthenticationManager configured with UserDetailsService bean with name inMemoryUserDetailsManager
2026-06-09T10:13:20.132+05:30  INFO 2665726 --- [demo] [           main] o.s.boot.tomcat.TomcatWebServer          : Tomcat started on port 8080 (http) with context path '/'
2026-06-09T10:13:20.136+05:30  INFO 2665726 --- [demo] [           main] com.example.demo.DemoApplication         : Started DemoApplication in 3.061 seconds (process running for 3.235)
2026-06-09T10:13:34.892+05:30  INFO 2665726 --- [demo] [nio-8080-exec-1] o.a.c.c.C.[Tomcat].[localhost].[/]       : Initializing Spring DispatcherServlet 'dispatcherServlet'
2026-06-09T10:13:34.893+05:30  INFO 2665726 --- [demo] [nio-8080-exec-1] o.s.web.servlet.DispatcherServlet        : Initializing Servlet 'dispatcherServlet'
2026-06-09T10:13:34.894+05:30  INFO 2665726 --- [demo] [nio-8080-exec-1] o.s.web.servlet.DispatcherServlet        : Completed initialization in 1 ms
Hibernate: 
    select
        u1_0.id,
        u1_0.email,
        u1_0.name,
        u1_0.password,
        u1_0.role 
    from
        users u1_0 
    where
        u1_0.email=?
2026-06-09T10:15:12.814+05:30  INFO 2665726 --- [demo] [ionShutdownHook] o.s.boot.tomcat.GracefulShutdown         : Commencing graceful shutdown. Waiting for active requests to complete
2026-06-09T10:15:12.817+05:30  INFO 2665726 --- [demo] [tomcat-shutdown] o.s.boot.tomcat.GracefulShutdown         : Graceful shutdown complete
2026-06-09T10:15:12.821+05:30  INFO 2665726 --- [demo] [ionShutdownHook] j.LocalContainerEntityManagerFactoryBean : Closing JPA EntityManagerFactory for persistence unit 'default'
2026-06-09T10:15:12.822+05:30  INFO 2665726 --- [demo] [ionShutdownHook] com.zaxxer.hikari.HikariDataSource       : HikariPool-1 - Shutdown initiated...
2026-06-09T10:15:12.829+05:30  INFO 2665726 --- [demo] [ionShutdownHook] com.zaxxer.hikari.HikariDataSource       : HikariPool-1 - Shutdown completed.
[INFO] ------------------------------------------------------------------------
[INFO] BUILD FAILURE
[INFO] ------------------------------------------------------------------------
[INFO] Total time:  01:57 min
[INFO] Finished at: 2026-06-09T10:15:12+05:30
[INFO] ------------------------------------------------------------------------
[ERROR] Failed to execute goal org.springframework.boot:spring-boot-maven-plugin:4.0.6:run (default-cli) on project demo: Process terminated with exit code: 143 -> [Help 1]
[ERROR] 
[ERROR] To see the full stack trace of the errors, re-run Maven with the -e switch.
[ERROR] Re-run Maven using the -X switch to enable full debug logging.
[ERROR] 
[ERROR] For more information about the errors and possible solutions, please read the following articles:
[ERROR] [Help 1] http://cwiki.apache.org/confluence/display/MAVEN/MojoExecutionException
